#Packing pin usage report
Type: io
	Input Pin Usage:
		Max: 1.00 (1.00)
		Avg: 0.33 (0.33)
		Min: 0.00 (0.00)
		Histogram:
		[        0:      0.1) 2 (66.7%) |*************************************************
		[      0.1:      0.2) 0 ( 0.0%) |
		[      0.2:      0.3) 0 ( 0.0%) |
		[      0.3:      0.4) 0 ( 0.0%) |
		[      0.4:      0.5) 0 ( 0.0%) |
		[      0.5:      0.6) 0 ( 0.0%) |
		[      0.6:      0.7) 0 ( 0.0%) |
		[      0.7:      0.8) 0 ( 0.0%) |
		[      0.8:      0.9) 0 ( 0.0%) |
		[      0.9:        1) 1 (33.3%) |*************************
	Output Pin Usage:
		Max: 1.00 (1.00)
		Avg: 0.67 (0.67)
		Min: 0.00 (0.00)
		Histogram:
		[        0:      0.1) 1 (33.3%) |*************************
		[      0.1:      0.2) 0 ( 0.0%) |
		[      0.2:      0.3) 0 ( 0.0%) |
		[      0.3:      0.4) 0 ( 0.0%) |
		[      0.4:      0.5) 0 ( 0.0%) |
		[      0.5:      0.6) 0 ( 0.0%) |
		[      0.6:      0.7) 0 ( 0.0%) |
		[      0.7:      0.8) 0 ( 0.0%) |
		[      0.8:      0.9) 0 ( 0.0%) |
		[      0.9:        1) 2 (66.7%) |*************************************************

Type: clb
	Input Pin Usage:
		Max: 2.00 (0.09)
		Avg: 2.00 (0.09)
		Min: 2.00 (0.09)
		Histogram:
		[        0:      2.2) 1 (100.0%) |**************************************************
		[      2.2:      4.4) 0 ( 0.0%) |
		[      4.4:      6.6) 0 ( 0.0%) |
		[      6.6:      8.8) 0 ( 0.0%) |
		[      8.8:       11) 0 ( 0.0%) |
		[       11:       13) 0 ( 0.0%) |
		[       13:       15) 0 ( 0.0%) |
		[       15:       18) 0 ( 0.0%) |
		[       18:       20) 0 ( 0.0%) |
		[       20:       22) 0 ( 0.0%) |
	Output Pin Usage:
		Max: 1.00 (0.10)
		Avg: 1.00 (0.10)
		Min: 1.00 (0.10)
		Histogram:
		[        0:        1) 1 (100.0%) |**************************************************
		[        1:        2) 0 ( 0.0%) |
		[        2:        3) 0 ( 0.0%) |
		[        3:        4) 0 ( 0.0%) |
		[        4:        5) 0 ( 0.0%) |
		[        5:        6) 0 ( 0.0%) |
		[        6:        7) 0 ( 0.0%) |
		[        7:        8) 0 ( 0.0%) |
		[        8:        9) 0 ( 0.0%) |
		[        9:       10) 0 ( 0.0%) |

